<?xml version="1.0" encoding="UTF-8"?>
<testng-results ignored="0" total="1" passed="1" failed="0" skipped="0">
  <reporter-output>
  </reporter-output>
  <suite started-at="2026-09-14T12:46:41 IST" name="tests.TestLoginTC1" finished-at="2026-09-14T12:46:47 IST" duration-ms="5712">
    <groups>
    </groups>
    <test started-at="2026-09-14T12:46:41 IST" name="Command line test" finished-at="2026-09-14T12:46:47 IST" duration-ms="5712">
      <class name="tests.TestLoginTC1">
        <test-method signature="testLoginTC1()[pri:0, instance:tests.TestLoginTC1@67e2d983]" started-at="2026-09-14T12:46:41 IST" name="testLoginTC1" finished-at="2026-09-14T12:46:47 IST" duration-ms="5650" status="PASS">
          <reporter-output>
          </reporter-output>
        </test-method> <!-- testLoginTC1 -->
      </class> <!-- tests.TestLoginTC1 -->
    </test> <!-- Command line test -->
  </suite> <!-- tests.TestLoginTC1 -->
</testng-results>
